<?xml version="1.0" encoding="UTF-8"?>
<!-- Generated by org.testng.reporters.JUnitReportReporter -->
<testsuite hostname="Daniels_Laptop" failures="0" tests="1" name="com.browserstack.FirstTest" time="130.999" errors="0" timestamp="2024-07-06T20:31:39 EDT" skipped="0">
  <testcase classname="com.browserstack.FirstTest" name="test" time="130.999"/>
  <system-out/>
</testsuite> <!-- com.browserstack.FirstTest -->
